  main.cpp
C:\school\Racing\RacingGame\race_info.h(1,1): warning C4828: 파일에 0x66 오프셋에서 시작하는 문자가 포함되어 있습니다. 이 문자는 현재 원본 문자 집합에서 잘못된 문자입니다(코드 페이지 65001).
  (소스 파일 'main.cpp'을(를) 컴파일하는 중)
  
C:\school\Racing\RacingGame\race_info.h(1,1): warning C4828: 파일에 0x67 오프셋에서 시작하는 문자가 포함되어 있습니다. 이 문자는 현재 원본 문자 집합에서 잘못된 문자입니다(코드 페이지 65001).
  (소스 파일 'main.cpp'을(를) 컴파일하는 중)
  
C:\school\Racing\RacingGame\race_info.h(1,1): warning C4828: 파일에 0x68 오프셋에서 시작하는 문자가 포함되어 있습니다. 이 문자는 현재 원본 문자 집합에서 잘못된 문자입니다(코드 페이지 65001).
  (소스 파일 'main.cpp'을(를) 컴파일하는 중)
  
C:\school\Racing\RacingGame\race_info.h(1,1): warning C4828: 파일에 0x6b 오프셋에서 시작하는 문자가 포함되어 있습니다. 이 문자는 현재 원본 문자 집합에서 잘못된 문자입니다(코드 페이지 65001).
  (소스 파일 'main.cpp'을(를) 컴파일하는 중)
  
C:\school\Racing\RacingGame\race_info.h(1,1): warning C4828: 파일에 0x6c 오프셋에서 시작하는 문자가 포함되어 있습니다. 이 문자는 현재 원본 문자 집합에서 잘못된 문자입니다(코드 페이지 65001).
  (소스 파일 'main.cpp'을(를) 컴파일하는 중)
  
C:\school\Racing\RacingGame\race_info.h(1,1): warning C4828: 파일에 0x6d 오프셋에서 시작하는 문자가 포함되어 있습니다. 이 문자는 현재 원본 문자 집합에서 잘못된 문자입니다(코드 페이지 65001).
  (소스 파일 'main.cpp'을(를) 컴파일하는 중)
  
C:\school\Racing\RacingGame\race_info.h(1,1): warning C4828: 파일에 0x6f 오프셋에서 시작하는 문자가 포함되어 있습니다. 이 문자는 현재 원본 문자 집합에서 잘못된 문자입니다(코드 페이지 65001).
  (소스 파일 'main.cpp'을(를) 컴파일하는 중)
  
C:\school\Racing\RacingGame\race_info.h(1,1): warning C4828: 파일에 0x71 오프셋에서 시작하는 문자가 포함되어 있습니다. 이 문자는 현재 원본 문자 집합에서 잘못된 문자입니다(코드 페이지 65001).
  (소스 파일 'main.cpp'을(를) 컴파일하는 중)
  
C:\school\Racing\RacingGame\race_info.h(1,1): warning C4828: 파일에 0x72 오프셋에서 시작하는 문자가 포함되어 있습니다. 이 문자는 현재 원본 문자 집합에서 잘못된 문자입니다(코드 페이지 65001).
  (소스 파일 'main.cpp'을(를) 컴파일하는 중)
  
C:\school\Racing\RacingGame\race_info.h(1,1): warning C4828: 파일에 0x74 오프셋에서 시작하는 문자가 포함되어 있습니다. 이 문자는 현재 원본 문자 집합에서 잘못된 문자입니다(코드 페이지 65001).
  (소스 파일 'main.cpp'을(를) 컴파일하는 중)
  
C:\school\Racing\RacingGame\race_info.h(1,1): warning C4828: 파일에 0x77 오프셋에서 시작하는 문자가 포함되어 있습니다. 이 문자는 현재 원본 문자 집합에서 잘못된 문자입니다(코드 페이지 65001).
  (소스 파일 'main.cpp'을(를) 컴파일하는 중)
  
C:\school\Racing\RacingGame\race_info.h(1,1): warning C4828: 파일에 0x7b 오프셋에서 시작하는 문자가 포함되어 있습니다. 이 문자는 현재 원본 문자 집합에서 잘못된 문자입니다(코드 페이지 65001).
  (소스 파일 'main.cpp'을(를) 컴파일하는 중)
  
C:\school\Racing\RacingGame\race_info.h(1,1): warning C4828: 파일에 0x7c 오프셋에서 시작하는 문자가 포함되어 있습니다. 이 문자는 현재 원본 문자 집합에서 잘못된 문자입니다(코드 페이지 65001).
  (소스 파일 'main.cpp'을(를) 컴파일하는 중)
  
C:\school\Racing\RacingGame\race_info.h(1,1): warning C4828: 파일에 0x85 오프셋에서 시작하는 문자가 포함되어 있습니다. 이 문자는 현재 원본 문자 집합에서 잘못된 문자입니다(코드 페이지 65001).
  (소스 파일 'main.cpp'을(를) 컴파일하는 중)
  
C:\school\Racing\RacingGame\race_info.h(1,1): warning C4828: 파일에 0x87 오프셋에서 시작하는 문자가 포함되어 있습니다. 이 문자는 현재 원본 문자 집합에서 잘못된 문자입니다(코드 페이지 65001).
  (소스 파일 'main.cpp'을(를) 컴파일하는 중)
  
C:\school\Racing\RacingGame\race_info.h(1,1): warning C4828: 파일에 0x88 오프셋에서 시작하는 문자가 포함되어 있습니다. 이 문자는 현재 원본 문자 집합에서 잘못된 문자입니다(코드 페이지 65001).
  (소스 파일 'main.cpp'을(를) 컴파일하는 중)
  
C:\school\Racing\RacingGame\race_info.h(1,1): warning C4828: 파일에 0x8a 오프셋에서 시작하는 문자가 포함되어 있습니다. 이 문자는 현재 원본 문자 집합에서 잘못된 문자입니다(코드 페이지 65001).
  (소스 파일 'main.cpp'을(를) 컴파일하는 중)
  
C:\school\Racing\RacingGame\race_info.h(1,1): warning C4828: 파일에 0x91 오프셋에서 시작하는 문자가 포함되어 있습니다. 이 문자는 현재 원본 문자 집합에서 잘못된 문자입니다(코드 페이지 65001).
  (소스 파일 'main.cpp'을(를) 컴파일하는 중)
  
C:\school\Racing\RacingGame\race_info.h(1,1): warning C4828: 파일에 0x92 오프셋에서 시작하는 문자가 포함되어 있습니다. 이 문자는 현재 원본 문자 집합에서 잘못된 문자입니다(코드 페이지 65001).
  (소스 파일 'main.cpp'을(를) 컴파일하는 중)
  
C:\school\Racing\RacingGame\race_info.h(1,1): warning C4828: 파일에 0x93 오프셋에서 시작하는 문자가 포함되어 있습니다. 이 문자는 현재 원본 문자 집합에서 잘못된 문자입니다(코드 페이지 65001).
  (소스 파일 'main.cpp'을(를) 컴파일하는 중)
  
C:\school\Racing\RacingGame\race_info.h(1,1): warning C4828: 파일에 0x94 오프셋에서 시작하는 문자가 포함되어 있습니다. 이 문자는 현재 원본 문자 집합에서 잘못된 문자입니다(코드 페이지 65001).
  (소스 파일 'main.cpp'을(를) 컴파일하는 중)
  
C:\school\Racing\RacingGame\race_info.h(1,1): warning C4828: 파일에 0x96 오프셋에서 시작하는 문자가 포함되어 있습니다. 이 문자는 현재 원본 문자 집합에서 잘못된 문자입니다(코드 페이지 65001).
  (소스 파일 'main.cpp'을(를) 컴파일하는 중)
  
C:\school\Racing\RacingGame\race_info.h(1,1): warning C4828: 파일에 0x334 오프셋에서 시작하는 문자가 포함되어 있습니다. 이 문자는 현재 원본 문자 집합에서 잘못된 문자입니다(코드 페이지 65001).
  (소스 파일 'main.cpp'을(를) 컴파일하는 중)
  
C:\school\Racing\RacingGame\race_info.h(1,1): warning C4828: 파일에 0x335 오프셋에서 시작하는 문자가 포함되어 있습니다. 이 문자는 현재 원본 문자 집합에서 잘못된 문자입니다(코드 페이지 65001).
  (소스 파일 'main.cpp'을(를) 컴파일하는 중)
  
C:\school\Racing\RacingGame\race_info.h(1,1): warning C4828: 파일에 0x337 오프셋에서 시작하는 문자가 포함되어 있습니다. 이 문자는 현재 원본 문자 집합에서 잘못된 문자입니다(코드 페이지 65001).
  (소스 파일 'main.cpp'을(를) 컴파일하는 중)
  
C:\school\Racing\RacingGame\race_info.h(1,1): warning C4828: 파일에 0x339 오프셋에서 시작하는 문자가 포함되어 있습니다. 이 문자는 현재 원본 문자 집합에서 잘못된 문자입니다(코드 페이지 65001).
  (소스 파일 'main.cpp'을(를) 컴파일하는 중)
  
C:\school\Racing\RacingGame\race_info.h(1,1): warning C4828: 파일에 0x33a 오프셋에서 시작하는 문자가 포함되어 있습니다. 이 문자는 현재 원본 문자 집합에서 잘못된 문자입니다(코드 페이지 65001).
  (소스 파일 'main.cpp'을(를) 컴파일하는 중)
  
C:\school\Racing\RacingGame\race_info.h(1,1): warning C4828: 파일에 0x33b 오프셋에서 시작하는 문자가 포함되어 있습니다. 이 문자는 현재 원본 문자 집합에서 잘못된 문자입니다(코드 페이지 65001).
  (소스 파일 'main.cpp'을(를) 컴파일하는 중)
  
C:\school\Racing\RacingGame\race_info.h(1,1): warning C4828: 파일에 0x33c 오프셋에서 시작하는 문자가 포함되어 있습니다. 이 문자는 현재 원본 문자 집합에서 잘못된 문자입니다(코드 페이지 65001).
  (소스 파일 'main.cpp'을(를) 컴파일하는 중)
  
C:\school\Racing\RacingGame\race_info.h(1,1): warning C4828: 파일에 0x340 오프셋에서 시작하는 문자가 포함되어 있습니다. 이 문자는 현재 원본 문자 집합에서 잘못된 문자입니다(코드 페이지 65001).
  (소스 파일 'main.cpp'을(를) 컴파일하는 중)
  
C:\school\Racing\RacingGame\race_info.h(1,1): warning C4828: 파일에 0x342 오프셋에서 시작하는 문자가 포함되어 있습니다. 이 문자는 현재 원본 문자 집합에서 잘못된 문자입니다(코드 페이지 65001).
  (소스 파일 'main.cpp'을(를) 컴파일하는 중)
  
C:\school\Racing\RacingGame\race_info.h(1,1): warning C4828: 파일에 0x343 오프셋에서 시작하는 문자가 포함되어 있습니다. 이 문자는 현재 원본 문자 집합에서 잘못된 문자입니다(코드 페이지 65001).
  (소스 파일 'main.cpp'을(를) 컴파일하는 중)
  
C:\school\Racing\RacingGame\race_info.h(1,1): warning C4828: 파일에 0x457 오프셋에서 시작하는 문자가 포함되어 있습니다. 이 문자는 현재 원본 문자 집합에서 잘못된 문자입니다(코드 페이지 65001).
  (소스 파일 'main.cpp'을(를) 컴파일하는 중)
  
C:\school\Racing\RacingGame\race_info.h(1,1): warning C4828: 파일에 0x458 오프셋에서 시작하는 문자가 포함되어 있습니다. 이 문자는 현재 원본 문자 집합에서 잘못된 문자입니다(코드 페이지 65001).
  (소스 파일 'main.cpp'을(를) 컴파일하는 중)
  
C:\school\Racing\RacingGame\race_info.h(1,1): warning C4828: 파일에 0x459 오프셋에서 시작하는 문자가 포함되어 있습니다. 이 문자는 현재 원본 문자 집합에서 잘못된 문자입니다(코드 페이지 65001).
  (소스 파일 'main.cpp'을(를) 컴파일하는 중)
  
C:\school\Racing\RacingGame\race_info.h(1,1): warning C4828: 파일에 0x45a 오프셋에서 시작하는 문자가 포함되어 있습니다. 이 문자는 현재 원본 문자 집합에서 잘못된 문자입니다(코드 페이지 65001).
  (소스 파일 'main.cpp'을(를) 컴파일하는 중)
  
C:\school\Racing\RacingGame\race_info.h(1,1): warning C4828: 파일에 0x45c 오프셋에서 시작하는 문자가 포함되어 있습니다. 이 문자는 현재 원본 문자 집합에서 잘못된 문자입니다(코드 페이지 65001).
  (소스 파일 'main.cpp'을(를) 컴파일하는 중)
  
C:\school\Racing\RacingGame\race_info.h(1,1): warning C4828: 파일에 0x45d 오프셋에서 시작하는 문자가 포함되어 있습니다. 이 문자는 현재 원본 문자 집합에서 잘못된 문자입니다(코드 페이지 65001).
  (소스 파일 'main.cpp'을(를) 컴파일하는 중)
  
C:\school\Racing\RacingGame\race_info.h(1,1): warning C4828: 파일에 0x461 오프셋에서 시작하는 문자가 포함되어 있습니다. 이 문자는 현재 원본 문자 집합에서 잘못된 문자입니다(코드 페이지 65001).
  (소스 파일 'main.cpp'을(를) 컴파일하는 중)
  
C:\school\Racing\RacingGame\race_info.h(1,1): warning C4828: 파일에 0x462 오프셋에서 시작하는 문자가 포함되어 있습니다. 이 문자는 현재 원본 문자 집합에서 잘못된 문자입니다(코드 페이지 65001).
  (소스 파일 'main.cpp'을(를) 컴파일하는 중)
  
C:\school\Racing\RacingGame\race_info.h(1,1): warning C4828: 파일에 0x463 오프셋에서 시작하는 문자가 포함되어 있습니다. 이 문자는 현재 원본 문자 집합에서 잘못된 문자입니다(코드 페이지 65001).
  (소스 파일 'main.cpp'을(를) 컴파일하는 중)
  
C:\school\Racing\RacingGame\race_info.h(1,1): warning C4828: 파일에 0x464 오프셋에서 시작하는 문자가 포함되어 있습니다. 이 문자는 현재 원본 문자 집합에서 잘못된 문자입니다(코드 페이지 65001).
  (소스 파일 'main.cpp'을(를) 컴파일하는 중)
  
C:\school\Racing\RacingGame\race_info.h(1,1): warning C4828: 파일에 0x466 오프셋에서 시작하는 문자가 포함되어 있습니다. 이 문자는 현재 원본 문자 집합에서 잘못된 문자입니다(코드 페이지 65001).
  (소스 파일 'main.cpp'을(를) 컴파일하는 중)
  
C:\school\Racing\RacingGame\race_info.h(1,1): warning C4828: 파일에 0x468 오프셋에서 시작하는 문자가 포함되어 있습니다. 이 문자는 현재 원본 문자 집합에서 잘못된 문자입니다(코드 페이지 65001).
  (소스 파일 'main.cpp'을(를) 컴파일하는 중)
  
C:\school\Racing\RacingGame\race_info.h(1,1): warning C4828: 파일에 0x469 오프셋에서 시작하는 문자가 포함되어 있습니다. 이 문자는 현재 원본 문자 집합에서 잘못된 문자입니다(코드 페이지 65001).
  (소스 파일 'main.cpp'을(를) 컴파일하는 중)
  
C:\school\Racing\RacingGame\race_info.h(1,1): warning C4828: 파일에 0x46c 오프셋에서 시작하는 문자가 포함되어 있습니다. 이 문자는 현재 원본 문자 집합에서 잘못된 문자입니다(코드 페이지 65001).
  (소스 파일 'main.cpp'을(를) 컴파일하는 중)
  
C:\school\Racing\RacingGame\race_info.h(1,1): warning C4828: 파일에 0x46d 오프셋에서 시작하는 문자가 포함되어 있습니다. 이 문자는 현재 원본 문자 집합에서 잘못된 문자입니다(코드 페이지 65001).
  (소스 파일 'main.cpp'을(를) 컴파일하는 중)
  
C:\school\Racing\RacingGame\race_info.h(1,1): warning C4828: 파일에 0x46e 오프셋에서 시작하는 문자가 포함되어 있습니다. 이 문자는 현재 원본 문자 집합에서 잘못된 문자입니다(코드 페이지 65001).
  (소스 파일 'main.cpp'을(를) 컴파일하는 중)
  
C:\school\Racing\RacingGame\UI.h(160,13): warning C4129: '$': 문자 이스케이프 시퀀스를 인식할 수 없습니다.
  (소스 파일 'main.cpp'을(를) 컴파일하는 중)
  
C:\school\Racing\RacingGame\UI.h(161,13): warning C4129: '$': 문자 이스케이프 시퀀스를 인식할 수 없습니다.
  (소스 파일 'main.cpp'을(를) 컴파일하는 중)
  
C:\school\Racing\RacingGame\main.cpp(13,23): warning C4244: '초기화 중': 'double'에서 'int'(으)로 변환하면서 데이터가 손실될 수 있습니다.
  RacingGame.vcxproj -> C:\school\Racing\x64\Debug\RacingGame.exe
